  app 8nov.cpp
c:\workspace\louis-quentin\hae_louis-quentin_gp2\tp1 15nov(copie du 8nov)\app 8nov\app 8nov\app 8nov.cpp(43): warning C4244: 'argument' : conversion de 'float' en 'sf::Uint8', perte possible de données
c:\workspace\louis-quentin\hae_louis-quentin_gp2\tp1 15nov(copie du 8nov)\app 8nov\app 8nov\app 8nov.cpp(44): warning C4244: 'argument' : conversion de 'float' en 'sf::Uint8', perte possible de données
c:\workspace\louis-quentin\hae_louis-quentin_gp2\tp1 15nov(copie du 8nov)\app 8nov\app 8nov\app 8nov.cpp(45): warning C4244: 'argument' : conversion de 'float' en 'sf::Uint8', perte possible de données
c:\workspace\louis-quentin\hae_louis-quentin_gp2\tp1 15nov(copie du 8nov)\app 8nov\app 8nov\app 8nov.cpp(46): warning C4244: 'argument' : conversion de 'float' en 'sf::Uint8', perte possible de données
c:\workspace\louis-quentin\hae_louis-quentin_gp2\tp1 15nov(copie du 8nov)\app 8nov\app 8nov\app 8nov.cpp(47): warning C4244: 'argument' : conversion de 'float' en 'sf::Uint8', perte possible de données
c:\workspace\louis-quentin\hae_louis-quentin_gp2\tp1 15nov(copie du 8nov)\app 8nov\app 8nov\app 8nov.cpp(48): warning C4244: 'argument' : conversion de 'float' en 'sf::Uint8', perte possible de données
c:\workspace\louis-quentin\hae_louis-quentin_gp2\tp1 15nov(copie du 8nov)\app 8nov\app 8nov\app 8nov.cpp(91): warning C4244: 'argument' : conversion de 'T' en 'T', perte possible de données
          with
          [
              T=unsigned int
          ]
          and
          [
              T=float
          ]
c:\workspace\louis-quentin\hae_louis-quentin_gp2\tp1 15nov(copie du 8nov)\app 8nov\app 8nov\app 8nov.cpp(106): warning C4244: 'argument' : conversion de 'T' en 'T', perte possible de données
          with
          [
              T=unsigned int
          ]
          and
          [
              T=float
          ]
c:\workspace\louis-quentin\hae_louis-quentin_gp2\tp1 15nov(copie du 8nov)\app 8nov\app 8nov\app 8nov.cpp(121): warning C4244: 'argument' : conversion de 'T' en 'T', perte possible de données
          with
          [
              T=unsigned int
          ]
          and
          [
              T=float
          ]
c:\workspace\louis-quentin\hae_louis-quentin_gp2\tp1 15nov(copie du 8nov)\app 8nov\app 8nov\app 8nov.cpp(129): warning C4018: '<' : incompatibilité signed/unsigned
c:\workspace\louis-quentin\hae_louis-quentin_gp2\tp1 15nov(copie du 8nov)\app 8nov\app 8nov\app 8nov.cpp(164): warning C4018: '<' : incompatibilité signed/unsigned
c:\workspace\louis-quentin\hae_louis-quentin_gp2\tp1 15nov(copie du 8nov)\app 8nov\app 8nov\app 8nov.cpp(351): warning C4244: 'argument' : conversion de 'T' en 'T', perte possible de données
          with
          [
              T=unsigned int
          ]
          and
          [
              T=float
          ]
c:\workspace\louis-quentin\hae_louis-quentin_gp2\tp1 15nov(copie du 8nov)\app 8nov\app 8nov\app 8nov.cpp(352): warning C4244: 'argument' : conversion de 'T' en 'T', perte possible de données
          with
          [
              T=unsigned int
          ]
          and
          [
              T=float
          ]
c:\workspace\louis-quentin\hae_louis-quentin_gp2\tp1 15nov(copie du 8nov)\app 8nov\app 8nov\app 8nov.cpp(353): warning C4244: 'argument' : conversion de 'int' en 'T', perte possible de données
          with
          [
              T=float
          ]
c:\workspace\louis-quentin\hae_louis-quentin_gp2\tp1 15nov(copie du 8nov)\app 8nov\app 8nov\app 8nov.cpp(354): warning C4244: 'argument' : conversion de 'T' en 'T', perte possible de données
          with
          [
              T=unsigned int
          ]
          and
          [
              T=float
          ]
c:\workspace\louis-quentin\hae_louis-quentin_gp2\tp1 15nov(copie du 8nov)\app 8nov\app 8nov\app 8nov.cpp(354): warning C4244: 'argument' : conversion de 'int' en 'T', perte possible de données
          with
          [
              T=float
          ]
c:\workspace\louis-quentin\hae_louis-quentin_gp2\tp1 15nov(copie du 8nov)\app 8nov\app 8nov\app 8nov.cpp(391): warning C4244: 'initialisation' : conversion de 'double' en 'float', perte possible de données
c:\workspace\louis-quentin\hae_louis-quentin_gp2\tp1 15nov(copie du 8nov)\app 8nov\app 8nov\app 8nov.cpp(403): warning C4244: 'initialisation' : conversion de 'double' en 'float', perte possible de données
c:\workspace\louis-quentin\hae_louis-quentin_gp2\tp1 15nov(copie du 8nov)\app 8nov\app 8nov\app 8nov.cpp(415): warning C4244: 'initialisation' : conversion de 'double' en 'float', perte possible de données
c:\workspace\louis-quentin\hae_louis-quentin_gp2\tp1 15nov(copie du 8nov)\app 8nov\app 8nov\app 8nov.cpp(428): warning C4244: 'initialisation' : conversion de 'double' en 'float', perte possible de données
c:\workspace\louis-quentin\hae_louis-quentin_gp2\tp1 15nov(copie du 8nov)\app 8nov\app 8nov\app 8nov.cpp(441): warning C4244: 'initialisation' : conversion de 'double' en 'float', perte possible de données
c:\workspace\louis-quentin\hae_louis-quentin_gp2\tp1 15nov(copie du 8nov)\app 8nov\app 8nov\app 8nov.cpp(454): warning C4244: 'initialisation' : conversion de 'double' en 'float', perte possible de données
c:\workspace\louis-quentin\hae_louis-quentin_gp2\tp1 15nov(copie du 8nov)\app 8nov\app 8nov\app 8nov.cpp(467): warning C4244: 'initialisation' : conversion de 'double' en 'float', perte possible de données
c:\workspace\louis-quentin\hae_louis-quentin_gp2\tp1 15nov(copie du 8nov)\app 8nov\app 8nov\app 8nov.cpp(479): warning C4244: 'initialisation' : conversion de 'double' en 'float', perte possible de données
c:\workspace\louis-quentin\hae_louis-quentin_gp2\tp1 15nov(copie du 8nov)\app 8nov\app 8nov\app 8nov.cpp(487): warning C4551: liste d'arguments manquante dans l'appel de fonction
c:\workspace\louis-quentin\hae_louis-quentin_gp2\tp1 15nov(copie du 8nov)\app 8nov\app 8nov\app 8nov.cpp(494): warning C4244: 'initialisation' : conversion de 'double' en 'float', perte possible de données
c:\workspace\louis-quentin\hae_louis-quentin_gp2\tp1 15nov(copie du 8nov)\app 8nov\app 8nov\app 8nov.cpp(517): warning C4551: liste d'arguments manquante dans l'appel de fonction
c:\workspace\louis-quentin\hae_louis-quentin_gp2\tp1 15nov(copie du 8nov)\app 8nov\app 8nov\app 8nov.cpp(524): warning C4244: 'initialisation' : conversion de 'double' en 'float', perte possible de données
  app 8nov.vcxproj -> C:\WorkSpace\Louis-Quentin\hae_Louis-Quentin_gp2\TP1 15nov(copie du 8nov)\app 8nov\Debug\app 8nov.exe
