c:\workspace\louis-quentin\hae_louis-quentin_gp2-f703ee2b19c14fa3fd39e3f5d4f65aaf0a4587ab\tp1 15nov(copie du 8nov)\app 8nov\app 8nov\debug\app 8nov.pch
c:\workspace\louis-quentin\hae_louis-quentin_gp2-f703ee2b19c14fa3fd39e3f5d4f65aaf0a4587ab\tp1 15nov(copie du 8nov)\app 8nov\app 8nov\debug\vc141.pdb
c:\workspace\louis-quentin\hae_louis-quentin_gp2-f703ee2b19c14fa3fd39e3f5d4f65aaf0a4587ab\tp1 15nov(copie du 8nov)\app 8nov\app 8nov\debug\vc141.idb
c:\workspace\louis-quentin\hae_louis-quentin_gp2-f703ee2b19c14fa3fd39e3f5d4f65aaf0a4587ab\tp1 15nov(copie du 8nov)\app 8nov\app 8nov\debug\pch.obj
c:\workspace\louis-quentin\hae_louis-quentin_gp2-f703ee2b19c14fa3fd39e3f5d4f65aaf0a4587ab\tp1 15nov(copie du 8nov)\app 8nov\app 8nov\debug\mur.obj
c:\workspace\louis-quentin\hae_louis-quentin_gp2-f703ee2b19c14fa3fd39e3f5d4f65aaf0a4587ab\tp1 15nov(copie du 8nov)\app 8nov\app 8nov\debug\lib.obj
c:\workspace\louis-quentin\hae_louis-quentin_gp2-f703ee2b19c14fa3fd39e3f5d4f65aaf0a4587ab\tp1 15nov(copie du 8nov)\app 8nov\app 8nov\debug\entity.obj
c:\workspace\louis-quentin\hae_louis-quentin_gp2-f703ee2b19c14fa3fd39e3f5d4f65aaf0a4587ab\tp1 15nov(copie du 8nov)\app 8nov\app 8nov\debug\ball.obj
c:\workspace\louis-quentin\hae_louis-quentin_gp2-f703ee2b19c14fa3fd39e3f5d4f65aaf0a4587ab\tp1 15nov(copie du 8nov)\app 8nov\app 8nov\debug\app 8nov.obj
e:\tp1 15nov(copie du 8nov)\app 8nov\app 8nov\debug\app 8nov.pch
e:\tp1 15nov(copie du 8nov)\app 8nov\app 8nov\debug\vc141.pdb
e:\tp1 15nov(copie du 8nov)\app 8nov\app 8nov\debug\vc141.idb
e:\tp1 15nov(copie du 8nov)\app 8nov\app 8nov\debug\pch.obj
e:\tp1 15nov(copie du 8nov)\app 8nov\app 8nov\debug\mur.obj
e:\tp1 15nov(copie du 8nov)\app 8nov\app 8nov\debug\lib.obj
e:\tp1 15nov(copie du 8nov)\app 8nov\app 8nov\debug\entity.obj
e:\tp1 15nov(copie du 8nov)\app 8nov\app 8nov\debug\ball.obj
e:\tp1 15nov(copie du 8nov)\app 8nov\app 8nov\debug\app 8nov.obj
c:\workspace\louis-quentin\hae_louis-quentin_gp2-f703ee2b19c14fa3fd39e3f5d4f65aaf0a4587ab\tp1 15nov(copie du 8nov)\app 8nov\debug\app 8nov.exe
c:\workspace\louis-quentin\hae_louis-quentin_gp2-f703ee2b19c14fa3fd39e3f5d4f65aaf0a4587ab\tp1 15nov(copie du 8nov)\app 8nov\debug\app 8nov.ilk
c:\workspace\louis-quentin\hae_louis-quentin_gp2-f703ee2b19c14fa3fd39e3f5d4f65aaf0a4587ab\tp1 15nov(copie du 8nov)\app 8nov\debug\app 8nov.pdb
e:\tp1 15nov(copie du 8nov)\app 8nov\debug\app 8nov.exe
e:\tp1 15nov(copie du 8nov)\app 8nov\debug\app 8nov.ilk
e:\tp1 15nov(copie du 8nov)\app 8nov\debug\app 8nov.pdb
c:\users\squas\desktop\c++ david\hae_louis-quentin_gp2\tp1 15nov(copie du 8nov)\app 8nov\app 8nov\debug\app 8nov.obj
c:\users\squas\desktop\c++ david\hae_louis-quentin_gp2\tp1 15nov(copie du 8nov)\app 8nov\app 8nov\debug\ball.obj
c:\users\squas\desktop\c++ david\hae_louis-quentin_gp2\tp1 15nov(copie du 8nov)\app 8nov\app 8nov\debug\entity.obj
c:\users\squas\desktop\c++ david\hae_louis-quentin_gp2\tp1 15nov(copie du 8nov)\app 8nov\app 8nov\debug\lib.obj
c:\users\squas\desktop\c++ david\hae_louis-quentin_gp2\tp1 15nov(copie du 8nov)\app 8nov\app 8nov\debug\mur.obj
c:\users\squas\desktop\c++ david\hae_louis-quentin_gp2\tp1 15nov(copie du 8nov)\app 8nov\app 8nov\debug\pch.obj
c:\users\squas\desktop\c++ david\hae_louis-quentin_gp2\tp1 15nov(copie du 8nov)\app 8nov\app 8nov\debug\app 8nov.pch
c:\users\squas\desktop\c++ david\hae_louis-quentin_gp2\tp1 15nov(copie du 8nov)\app 8nov\app 8nov\debug\vc141.idb
c:\users\squas\desktop\c++ david\hae_louis-quentin_gp2\tp1 15nov(copie du 8nov)\app 8nov\app 8nov\debug\vc141.pdb
c:\users\squas\desktop\c++ david\hae_louis-quentin_gp2\tp1 15nov(copie du 8nov)\app 8nov\debug\app 8nov.pdb
c:\users\squas\desktop\c++ david\hae_louis-quentin_gp2\tp1 15nov(copie du 8nov)\app 8nov\debug\app 8nov.exe
c:\users\squas\desktop\c++ david\hae_louis-quentin_gp2\tp1 15nov(copie du 8nov)\app 8nov\debug\app 8nov.ilk
c:\users\squas\desktop\c++ david\hae_louis-quentin_gp2\tp1 15nov(copie du 8nov)\app 8nov\app 8nov\debug\app 8nov.tlog\cl.command.1.tlog
c:\users\squas\desktop\c++ david\hae_louis-quentin_gp2\tp1 15nov(copie du 8nov)\app 8nov\app 8nov\debug\app 8nov.tlog\cl.read.1.tlog
c:\users\squas\desktop\c++ david\hae_louis-quentin_gp2\tp1 15nov(copie du 8nov)\app 8nov\app 8nov\debug\app 8nov.tlog\cl.write.1.tlog
c:\users\squas\desktop\c++ david\hae_louis-quentin_gp2\tp1 15nov(copie du 8nov)\app 8nov\app 8nov\debug\app 8nov.tlog\link.command.1.tlog
c:\users\squas\desktop\c++ david\hae_louis-quentin_gp2\tp1 15nov(copie du 8nov)\app 8nov\app 8nov\debug\app 8nov.tlog\link.read.1.tlog
c:\users\squas\desktop\c++ david\hae_louis-quentin_gp2\tp1 15nov(copie du 8nov)\app 8nov\app 8nov\debug\app 8nov.tlog\link.write.1.tlog
