  pch.cpp
  app 8nov.cpp
c:\workspace\louis-quentin\hae_louis-quentin_gp2-master\tp1 15nov(copie du 8nov)\app 8nov\app 8nov\app 8nov.cpp(58): warning C4244: 'argument' : conversion de 'T' en 'T', perte possible de données
          with
          [
              T=unsigned int
          ]
          and
          [
              T=float
          ]
c:\workspace\louis-quentin\hae_louis-quentin_gp2-master\tp1 15nov(copie du 8nov)\app 8nov\app 8nov\app 8nov.cpp(59): warning C4244: 'argument' : conversion de 'T' en 'T', perte possible de données
          with
          [
              T=unsigned int
          ]
          and
          [
              T=float
          ]
c:\workspace\louis-quentin\hae_louis-quentin_gp2-master\tp1 15nov(copie du 8nov)\app 8nov\app 8nov\app 8nov.cpp(60): warning C4244: 'argument' : conversion de 'int' en 'T', perte possible de données
          with
          [
              T=float
          ]
c:\workspace\louis-quentin\hae_louis-quentin_gp2-master\tp1 15nov(copie du 8nov)\app 8nov\app 8nov\app 8nov.cpp(61): warning C4244: 'argument' : conversion de 'T' en 'T', perte possible de données
          with
          [
              T=unsigned int
          ]
          and
          [
              T=float
          ]
c:\workspace\louis-quentin\hae_louis-quentin_gp2-master\tp1 15nov(copie du 8nov)\app 8nov\app 8nov\app 8nov.cpp(61): warning C4244: 'argument' : conversion de 'int' en 'T', perte possible de données
          with
          [
              T=float
          ]
c:\workspace\louis-quentin\hae_louis-quentin_gp2-master\tp1 15nov(copie du 8nov)\app 8nov\app 8nov\app 8nov.cpp(105): warning C4244: 'argument' : conversion de 'T' en 'T', perte possible de données
          with
          [
              T=unsigned int
          ]
          and
          [
              T=float
          ]
c:\workspace\louis-quentin\hae_louis-quentin_gp2-master\tp1 15nov(copie du 8nov)\app 8nov\app 8nov\app 8nov.cpp(107): warning C4244: 'argument' : conversion de 'double' en 'T', perte possible de données
          with
          [
              T=float
          ]
c:\workspace\louis-quentin\hae_louis-quentin_gp2-master\tp1 15nov(copie du 8nov)\app 8nov\app 8nov\app 8nov.cpp(142): warning C4244: 'argument' : conversion de 'T' en 'T', perte possible de données
          with
          [
              T=unsigned int
          ]
          and
          [
              T=float
          ]
c:\workspace\louis-quentin\hae_louis-quentin_gp2-master\tp1 15nov(copie du 8nov)\app 8nov\app 8nov\app 8nov.cpp(144): warning C4244: 'argument' : conversion de 'T' en 'T', perte possible de données
          with
          [
              T=unsigned int
          ]
          and
          [
              T=float
          ]
c:\workspace\louis-quentin\hae_louis-quentin_gp2-master\tp1 15nov(copie du 8nov)\app 8nov\app 8nov\app 8nov.cpp(161): warning C4244: 'argument' : conversion de 'T' en 'T', perte possible de données
          with
          [
              T=unsigned int
          ]
          and
          [
              T=float
          ]
c:\workspace\louis-quentin\hae_louis-quentin_gp2-master\tp1 15nov(copie du 8nov)\app 8nov\app 8nov\app 8nov.cpp(177): warning C4244: 'argument' : conversion de 'T' en 'T', perte possible de données
          with
          [
              T=unsigned int
          ]
          and
          [
              T=float
          ]
c:\workspace\louis-quentin\hae_louis-quentin_gp2-master\tp1 15nov(copie du 8nov)\app 8nov\app 8nov\app 8nov.cpp(570): warning C4244: 'argument' : conversion de 'T' en 'T', perte possible de données
          with
          [
              T=unsigned int
          ]
          and
          [
              T=float
          ]
c:\workspace\louis-quentin\hae_louis-quentin_gp2-master\tp1 15nov(copie du 8nov)\app 8nov\app 8nov\app 8nov.cpp(571): warning C4244: 'argument' : conversion de 'T' en 'T', perte possible de données
          with
          [
              T=unsigned int
          ]
          and
          [
              T=float
          ]
c:\workspace\louis-quentin\hae_louis-quentin_gp2-master\tp1 15nov(copie du 8nov)\app 8nov\app 8nov\app 8nov.cpp(572): warning C4244: 'argument' : conversion de 'int' en 'T', perte possible de données
          with
          [
              T=float
          ]
c:\workspace\louis-quentin\hae_louis-quentin_gp2-master\tp1 15nov(copie du 8nov)\app 8nov\app 8nov\app 8nov.cpp(573): warning C4244: 'argument' : conversion de 'T' en 'T', perte possible de données
          with
          [
              T=unsigned int
          ]
          and
          [
              T=float
          ]
c:\workspace\louis-quentin\hae_louis-quentin_gp2-master\tp1 15nov(copie du 8nov)\app 8nov\app 8nov\app 8nov.cpp(573): warning C4244: 'argument' : conversion de 'int' en 'T', perte possible de données
          with
          [
              T=float
          ]
c:\workspace\louis-quentin\hae_louis-quentin_gp2-master\tp1 15nov(copie du 8nov)\app 8nov\app 8nov\app 8nov.cpp(682): warning C4244: 'initialisation' : conversion de 'double' en 'float', perte possible de données
c:\workspace\louis-quentin\hae_louis-quentin_gp2-master\tp1 15nov(copie du 8nov)\app 8nov\app 8nov\app 8nov.cpp(694): warning C4244: 'initialisation' : conversion de 'double' en 'float', perte possible de données
c:\workspace\louis-quentin\hae_louis-quentin_gp2-master\tp1 15nov(copie du 8nov)\app 8nov\app 8nov\app 8nov.cpp(706): warning C4244: 'initialisation' : conversion de 'double' en 'float', perte possible de données
c:\workspace\louis-quentin\hae_louis-quentin_gp2-master\tp1 15nov(copie du 8nov)\app 8nov\app 8nov\app 8nov.cpp(719): warning C4244: 'initialisation' : conversion de 'double' en 'float', perte possible de données
c:\workspace\louis-quentin\hae_louis-quentin_gp2-master\tp1 15nov(copie du 8nov)\app 8nov\app 8nov\app 8nov.cpp(732): warning C4244: 'initialisation' : conversion de 'double' en 'float', perte possible de données
c:\workspace\louis-quentin\hae_louis-quentin_gp2-master\tp1 15nov(copie du 8nov)\app 8nov\app 8nov\app 8nov.cpp(745): warning C4244: 'initialisation' : conversion de 'double' en 'float', perte possible de données
c:\workspace\louis-quentin\hae_louis-quentin_gp2-master\tp1 15nov(copie du 8nov)\app 8nov\app 8nov\app 8nov.cpp(758): warning C4244: 'initialisation' : conversion de 'double' en 'float', perte possible de données
c:\workspace\louis-quentin\hae_louis-quentin_gp2-master\tp1 15nov(copie du 8nov)\app 8nov\app 8nov\app 8nov.cpp(770): warning C4244: 'initialisation' : conversion de 'double' en 'float', perte possible de données
c:\workspace\louis-quentin\hae_louis-quentin_gp2-master\tp1 15nov(copie du 8nov)\app 8nov\app 8nov\app 8nov.cpp(778): warning C4551: liste d'arguments manquante dans l'appel de fonction
c:\workspace\louis-quentin\hae_louis-quentin_gp2-master\tp1 15nov(copie du 8nov)\app 8nov\app 8nov\app 8nov.cpp(785): warning C4244: 'initialisation' : conversion de 'double' en 'float', perte possible de données
c:\workspace\louis-quentin\hae_louis-quentin_gp2-master\tp1 15nov(copie du 8nov)\app 8nov\app 8nov\app 8nov.cpp(808): warning C4551: liste d'arguments manquante dans l'appel de fonction
c:\workspace\louis-quentin\hae_louis-quentin_gp2-master\tp1 15nov(copie du 8nov)\app 8nov\app 8nov\app 8nov.cpp(815): warning C4244: 'initialisation' : conversion de 'double' en 'float', perte possible de données
  Ball.cpp
  Entity.cpp
  Lib.cpp
  Mur.cpp
  Génération de code en cours...
sfml-graphics-d.lib(sfml-graphics-d-2.dll) : fatal error LNK1112: type d'ordinateur module 'x86' en conflit avec le type d'ordinateur cible 'x64'
